<?xml version="1.0" encoding="UTF-8"?>
<!-- Generated by org.testng.reporters.JUnitReportReporter -->
<testsuite skipped="0" hostname="UXINMIC-5I88O0I" name="com.test.testng.paramter.DataProviedTest" tests="7" failures="0" timestamp="2019-09-18T18:46:29 CST" time="0.020" errors="0">
  <testcase name="testDataprovied" time="0.002" classname="com.test.testng.paramter.DataProviedTest"/>
  <testcase name="testDataprovied" time="0.002" classname="com.test.testng.paramter.DataProviedTest"/>
  <testcase name="test1" time="0.001" classname="com.test.testng.paramter.DataProviedTest"/>
  <testcase name="test2" time="0.002" classname="com.test.testng.paramter.DataProviedTest"/>
  <testcase name="testDataprovied" time="0.002" classname="com.test.testng.paramter.DataProviedTest"/>
  <testcase name="test2" time="0.001" classname="com.test.testng.paramter.DataProviedTest"/>
  <testcase name="test1" time="0.010" classname="com.test.testng.paramter.DataProviedTest"/>
</testsuite> <!-- com.test.testng.paramter.DataProviedTest -->
