<?xml version="1.0" encoding="UTF-8"?>
<!-- Generated by org.testng.reporters.JUnitReportReporter -->
<testsuite skipped="0" hostname="UXINMIC-5I88O0I" name="com.test.testng.BaseThreadTest" tests="1" failures="0" timestamp="2019-09-19T11:33:43 CST" time="0.014" errors="0">
  <testcase name="test1" time="0.014" classname="com.test.testng.BaseThreadTest"/>
</testsuite> <!-- com.test.testng.BaseThreadTest -->
