<?xml version="1.0" encoding="UTF-8"?>
<!-- Generated by org.testng.reporters.JUnitReportReporter -->
<testsuite skipped="0" hostname="UXINMIC-5I88O0I" name="suite.LoginTest" tests="1" failures="0" timestamp="2019-09-17T16:14:24 CST" time="0.005" errors="0">
  <testcase name="loginTaoBao" time="0.005" classname="suite.LoginTest"/>
</testsuite> <!-- suite.LoginTest -->
