<?xml version="1.0" encoding="UTF-8"?>
<!-- Generated by org.testng.reporters.JUnitReportReporter -->
<testsuite skipped="0" hostname="UXINMIC-5I88O0I" name="com.test.testng.Exception" tests="1" failures="0" timestamp="2019-09-18T10:09:58 CST" time="0.011" errors="0">
  <testcase name="runTimeExceptionsuccess" time="0.011" classname="com.test.testng.Exception"/>
</testsuite> <!-- com.test.testng.Exception -->
