<?xml version="1.0" encoding="UTF-8"?>
<!-- Generated by org.testng.reporters.JUnitReportReporter -->
<testsuite skipped="1" hostname="UXINMIC-5I88O0I" name="suite.IgnoreTest" tests="3" failures="0" timestamp="2019-09-17T16:31:25 CST" time="0.014" errors="0">
  <testcase name="ignore1" time="0.012" classname="suite.IgnoreTest"/>
  <testcase name="ignore3" time="0.002" classname="suite.IgnoreTest"/>
  <testcase name="ignore2" classname="suite.IgnoreTest">
    <skipped/>
  </testcase> <!-- ignore2 -->
</testsuite> <!-- suite.IgnoreTest -->
