<?xml version="1.0" encoding="UTF-8"?>
<!-- Generated by org.testng.reporters.JUnitReportReporter -->
<testsuite skipped="0" hostname="UXINMIC-5I88O0I" name="com.test.testng.groups.GroupsOnMethod" tests="4" failures="0" timestamp="2019-09-19T10:29:25 CST" time="0.010" errors="0">
  <testcase name="test2" time="0.002" classname="com.test.testng.groups.GroupsOnMethod"/>
  <testcase name="test1" time="0.006" classname="com.test.testng.groups.GroupsOnMethod"/>
  <testcase name="test3" time="0.001" classname="com.test.testng.groups.GroupsOnMethod"/>
  <testcase name="test4" time="0.001" classname="com.test.testng.groups.GroupsOnMethod"/>
</testsuite> <!-- com.test.testng.groups.GroupsOnMethod -->
