<?xml version="1.0" encoding="UTF-8"?>
<!-- Generated by org.testng.reporters.JUnitReportReporter -->
<testsuite skipped="0" hostname="UXINMIC-5I88O0I" name="com.test.testng.multithred.MultiThreadOnXml" tests="6" failures="0" timestamp="2019-09-19T11:33:33 CST" time="0.072" errors="0">
  <testcase name="test3" time="0.019" classname="com.test.testng.multithred.MultiThreadOnXml"/>
  <testcase name="test1" time="0.019" classname="com.test.testng.multithred.MultiThreadOnXml"/>
  <testcase name="test2" time="0.001" classname="com.test.testng.multithred.MultiThreadOnXml"/>
  <testcase name="test2" time="0.020" classname="com.test.testng.multithred.MultiThreadOnXml"/>
  <testcase name="test1" time="0.008" classname="com.test.testng.multithred.MultiThreadOnXml"/>
  <testcase name="test3" time="0.005" classname="com.test.testng.multithred.MultiThreadOnXml"/>
</testsuite> <!-- com.test.testng.multithred.MultiThreadOnXml -->
