<?xml version="1.0" encoding="UTF-8"?>
<!-- Generated by org.testng.reporters.JUnitReportReporter -->
<testsuite skipped="0" hostname="UXINMIC-5I88O0I" name="com.test.testng.groups.GroupsOnClass2" tests="4" failures="0" timestamp="2019-09-17T18:42:21 CST" time="0.013" errors="0">
  <testcase name="stu1" time="0.004" classname="com.test.testng.groups.GroupsOnClass2"/>
  <testcase name="stu2" time="0.004" classname="com.test.testng.groups.GroupsOnClass2"/>
  <testcase name="stu2" time="0.002" classname="com.test.testng.groups.GroupsOnClass2"/>
  <testcase name="stu1" time="0.003" classname="com.test.testng.groups.GroupsOnClass2"/>
</testsuite> <!-- com.test.testng.groups.GroupsOnClass2 -->
