<?xml version="1.0" encoding="UTF-8"?>
<!-- Generated by org.testng.reporters.JUnitReportReporter -->
<testsuite skipped="0" hostname="UXINMIC-5I88O0I" name="com.test.testng.TestCase" tests="2" failures="0" timestamp="2019-09-20T15:18:29 CST" time="0.016" errors="0">
  <testcase name="testCase2" time="0.002" classname="com.test.testng.TestCase"/>
  <testcase name="testCase1" time="0.014" classname="com.test.testng.TestCase"/>
</testsuite> <!-- com.test.testng.TestCase -->
