<?xml version="1.0" encoding="UTF-8"?>
<!-- Generated by org.testng.reporters.JUnitReportReporter -->
<testsuite skipped="0" hostname="UXINMIC-5I88O0I" name="com.test.testng.paramter.ParameterTest" tests="1" failures="0" timestamp="2019-09-18T18:05:38 CST" time="0.012" errors="0">
  <testcase name="parameter" time="0.012" classname="com.test.testng.paramter.ParameterTest"/>
</testsuite> <!-- com.test.testng.paramter.ParameterTest -->
