<?xml version="1.0" encoding="UTF-8"?>
<!-- Generated by org.testng.reporters.JUnitReportReporter -->
<testsuite skipped="0" hostname="UXINMIC-5I88O0I" name="com.test.testng.groups.GroupsOnClass3" tests="4" failures="0" timestamp="2019-09-17T18:42:21 CST" time="0.012" errors="0">
  <testcase name="teacher1" time="0.004" classname="com.test.testng.groups.GroupsOnClass3"/>
  <testcase name="teacher2" time="0.005" classname="com.test.testng.groups.GroupsOnClass3"/>
  <testcase name="teacher2" time="0.001" classname="com.test.testng.groups.GroupsOnClass3"/>
  <testcase name="teacher1" time="0.002" classname="com.test.testng.groups.GroupsOnClass3"/>
</testsuite> <!-- com.test.testng.groups.GroupsOnClass3 -->
